C51 COMPILER V7.50   CHINESE                                                               07/25/2007 10:42:53 PAGE 1   


C51 COMPILER V7.50, COMPILATION OF MODULE CHINESE
OBJECT MODULE PLACED IN .\Obj\Chinese.obj
COMPILER INVOKED BY: D:\Keil\C51\BIN\C51.EXE Src\Chinese.C COMPACT BROWSE DEBUG OBJECTEXTEND PRINT(.\Lst\Chinese.lst) OB
                    -JECT(.\Obj\Chinese.obj)

line level    source

   1          /*本文件为16×16点阵中文字库文件,字的纵向8点构成一字节,上方的点在字节的低位,字符点阵四角按左上角→右上角→
             -左下角→右下角取字*/
   2          /*如你想在以后继续用HZDotReader打开文件,追加汉字点阵数据,请不要修改或增删所有注释*/
   3          
   4          #define  hzNum  59
   5          
   6          unsigned char code hzIndex[118] = {
   7          0xd6,0xd0,0xce,0xc4,0xd6,0xf7,0xd6,0xe1,0xb7,0xbd,0xcf,0xf2,0xd5,0xef,0xb6,0xcf,
   8          0xca,0xe4,0xc8,0xeb,0xbf,0xda,0xb3,0xf6,0xcd,0xa8,0xd1,0xb6,0xca,0xd6,0xc2,0xd6,
   9          0xb2,0xe2,0xca,0xd4,0xb1,0xe0,0xc2,0xeb,0xc6,0xf7,0xd5,0xfd,0xb3,0xa3,0xd0,0xc5,
  10          0xba,0xc5,0xc7,0xfd,0xb6,0xaf,0xbc,0xcc,0xb5,0xe7,0xc4,0xa3,0xc4,0xe2,0xb7,0xa2,
  11          0xcf,0xd6,0xb4,0xa6,0xb4,0xed,0xd1,0xb9,0xce,0xf3,0xb2,0xee,0xd6,0xb5,0xc6,0xab,
  12          0xb4,0xf3,0xc9,0xe8,0xd6,0xc3,0xc1,0xbf,0xbc,0xec,0xc9,0xcf,0xc0,0xad,0xd7,0xe8,
  13          0xd2,0xd4,0xcf,0xc2,0xd3,0xd0,0xc3,0xbb,0xb3,0xac,0xca,0xb1,0xb4,0xce,0xca,0xfd,
  14          0xcc,0xab,0xb6,0xe0,0xc1,0xcb };
  15          
  16          unsigned char code hzdot[1888] = {
  17          /*中   CD6D0 */
  18          0x00,0x00,0xFC,0x08,0x08,0x08,0x08,0xFF,0x08,0x08,0x08,0x08,0xFC,0x08,0x00,0x00,
  19          0x00,0x00,0x07,0x02,0x02,0x02,0x02,0xFF,0x02,0x02,0x02,0x02,0x07,0x00,0x00,0x00,
  20          
  21          /*文   CCEC4 */
  22          0x08,0x08,0x08,0x08,0x78,0x88,0x09,0x0E,0x08,0x88,0x78,0x08,0x08,0x08,0x08,0x00,
  23          0x40,0x40,0x40,0x20,0x20,0x11,0x0A,0x04,0x0A,0x11,0x10,0x20,0x60,0x20,0x20,0x00,
  24          
  25          /*主   CD6F7 */
  26          0x00,0x00,0x10,0x10,0x10,0x10,0x11,0xF6,0x12,0x10,0x10,0x10,0x98,0x10,0x00,0x00,
  27          0x00,0x20,0x21,0x21,0x21,0x21,0x21,0x3F,0x21,0x21,0x21,0x21,0x21,0x31,0x20,0x00,
  28          
  29          /*轴   CD6E1 */
  30          0xC8,0xB8,0x8F,0xEA,0x88,0x88,0x00,0xF0,0x10,0x10,0xFF,0x10,0x10,0xF0,0x00,0x00,
  31          0x08,0x08,0x08,0xFF,0x04,0x04,0x00,0x7F,0x11,0x11,0x1F,0x11,0x11,0x7F,0x00,0x00,
  32          
  33          /*方   CB7BD */
  34          0x08,0x08,0x08,0x08,0x08,0x08,0xF9,0x4A,0x4C,0x48,0x48,0xC8,0x08,0x08,0x08,0x00,
  35          0x40,0x40,0x20,0x10,0x0C,0x03,0x00,0x00,0x20,0x40,0x40,0x3F,0x00,0x00,0x00,0x00,
  36          
  37          /*向   CCFF2 */
  38          0x00,0x00,0xFC,0x04,0x04,0xE6,0x25,0x24,0x24,0x24,0xE4,0x04,0x04,0xFC,0x00,0x00,
  39          0x00,0x00,0x7F,0x00,0x00,0x0F,0x04,0x04,0x04,0x04,0x0F,0x20,0x40,0x3F,0x00,0x00,
  40          
  41          /*诊   CD5EF */
  42          0x40,0x41,0xCE,0x04,0x40,0x20,0x10,0x8C,0x83,0x44,0x68,0x50,0x10,0x60,0x20,0x00,
  43          0x00,0x00,0x7F,0x20,0x10,0x81,0x89,0x48,0x44,0x26,0x23,0x12,0x1C,0x08,0x00,0x00,
  44          
  45          /*断   CB6CF */
  46          0x00,0xFE,0x44,0x58,0xC0,0xFF,0x50,0x4C,0x00,0xFC,0x44,0x44,0xC2,0x42,0x42,0x00,
  47          0x00,0x3F,0x24,0x23,0x20,0x3F,0x61,0x22,0x18,0x07,0x00,0x00,0xFF,0x00,0x00,0x00,
  48          
  49          /*输   CCAE4 */
  50          0x44,0xF4,0x4F,0xE4,0x44,0x64,0x90,0x98,0x94,0x93,0x14,0x98,0x08,0xD0,0x10,0x00,
  51          0x04,0x04,0x04,0xFF,0x02,0x02,0xFF,0x4A,0x8A,0x7F,0x00,0x3F,0x80,0xFF,0x00,0x00,
  52          
  53          /*入   CC8EB */
C51 COMPILER V7.50   CHINESE                                                               07/25/2007 10:42:53 PAGE 2   

  54          0x00,0x00,0x00,0x00,0x01,0x83,0x76,0x18,0x60,0x80,0x00,0x00,0x00,0x00,0x00,0x00,
  55          0x40,0x20,0x10,0x08,0x06,0x01,0x00,0x00,0x00,0x00,0x03,0x04,0x18,0x30,0x10,0x00,
  56          
  57          /*口   CBFDA */
  58          0x00,0x00,0xFC,0x04,0x04,0x04,0x04,0x04,0x04,0x04,0x04,0x04,0xFC,0x00,0x00,0x00,
  59          0x00,0x00,0x3F,0x08,0x08,0x08,0x08,0x08,0x08,0x08,0x08,0x08,0x3F,0x00,0x00,0x00,
  60          
  61          /*出   CB3F6 */
  62          0x00,0x00,0xFC,0x40,0x40,0x40,0x40,0xFF,0x40,0x40,0x40,0x40,0x40,0xFC,0x00,0x00,
  63          0x00,0x00,0x7E,0x20,0x20,0x20,0x20,0x3F,0x20,0x20,0x20,0x20,0x20,0x7E,0x00,0x00,
  64          
  65          /*通   CCDA8 */
  66          0x40,0x41,0xC6,0x00,0x00,0xF2,0x52,0x52,0x56,0xFA,0x5A,0x56,0xF2,0x00,0x00,0x00,
  67          0x40,0x20,0x1F,0x20,0x40,0x5F,0x42,0x42,0x42,0x5F,0x4A,0x52,0x4F,0x40,0x40,0x00,
  68          
  69          /*讯   CD1B6 */
  70          0x20,0x21,0x2E,0xE4,0x00,0x42,0x42,0xFE,0x42,0x42,0x42,0x02,0xFE,0x00,0x00,0x00,
  71          0x00,0x00,0x00,0x7F,0x20,0x10,0x00,0x7F,0x00,0x00,0x00,0x00,0x3F,0x40,0x38,0x00,
  72          
  73          /*手   CCAD6 */
  74          0x00,0x24,0x24,0x24,0x24,0x24,0x24,0xFE,0x22,0x22,0x22,0x22,0x22,0x20,0x00,0x00,
  75          0x02,0x02,0x02,0x02,0x02,0x42,0x82,0x7F,0x02,0x02,0x02,0x02,0x02,0x02,0x02,0x00,
  76          
  77          /*轮   CC2D6 */
  78          0xC4,0xA4,0x9C,0xE7,0x84,0x84,0x44,0x20,0xD0,0x0C,0x03,0x0C,0x90,0x60,0x20,0x00,
  79          0x08,0x08,0x04,0xFF,0x04,0x02,0x02,0x00,0x3F,0x42,0x42,0x41,0x41,0x79,0x20,0x00,
  80          
  81          /*测   CB2E2 */
  82          0x08,0x31,0x86,0x60,0x00,0xFE,0x02,0xF2,0x02,0xFE,0x00,0xF8,0x00,0x00,0xFF,0x00,
  83          0x04,0xFC,0x03,0x00,0x80,0x47,0x30,0x0F,0x10,0x67,0x00,0x07,0x40,0x80,0x7F,0x00,
  84          
  85          /*试   CCAD4 */
  86          0x40,0x42,0xDC,0x08,0x00,0x90,0x90,0x90,0x90,0x90,0xFF,0x10,0x12,0x1C,0x10,0x00,
  87          0x00,0x00,0x7F,0x20,0x10,0x20,0x20,0x1F,0x10,0x10,0x01,0x06,0x18,0x20,0x78,0x00,
  88          
  89          /*编   CB1E0 */
  90          0x20,0x30,0xAC,0x63,0x32,0x00,0xFC,0xA4,0xA5,0xA6,0xA4,0xA4,0xA4,0xBC,0x00,0x00,
  91          0x10,0x11,0x09,0x49,0x21,0x1C,0x03,0x7F,0x04,0x3F,0x04,0x3F,0x44,0x7F,0x00,0x00,
  92          
  93          /*码   CC2EB */
  94          0x02,0x82,0xE2,0x5E,0x42,0xC2,0x00,0x02,0xFA,0x82,0x82,0x82,0xFE,0x80,0x00,0x00,
  95          0x01,0x00,0x7F,0x10,0x10,0x3F,0x00,0x04,0x04,0x04,0x44,0x84,0x40,0x3F,0x00,0x00,
  96          
  97          /*器   CC6F7 */
  98          0x40,0x40,0x4F,0x49,0x49,0xC9,0xCF,0x70,0xC0,0xCF,0x49,0x59,0x69,0x4F,0x00,0x00,
  99          0x02,0x02,0x7E,0x45,0x45,0x44,0x7C,0x00,0x7C,0x44,0x45,0x45,0x7E,0x06,0x02,0x00,
 100          
 101          /*正   CD5FD */
 102          0x00,0x02,0x02,0xC2,0x02,0x02,0x02,0x02,0xFE,0x82,0x82,0x82,0x82,0x82,0x02,0x00,
 103          0x20,0x20,0x20,0x3F,0x20,0x20,0x20,0x20,0x3F,0x20,0x20,0x20,0x20,0x20,0x20,0x00,
 104          
 105          /*常   CB3A3 */
 106          0x20,0x18,0x08,0x09,0xEE,0xAA,0xA8,0xAF,0xA8,0xA8,0xEC,0x0B,0x2A,0x18,0x08,0x00,
 107          0x00,0x00,0x3E,0x02,0x02,0x02,0x02,0xFF,0x02,0x02,0x12,0x22,0x1E,0x00,0x00,0x00,
 108          
 109          /*信   CD0C5 */
 110          0x80,0x40,0x30,0xFC,0x07,0x0A,0xA8,0xA8,0xA9,0xAE,0xAA,0xA8,0xA8,0x08,0x08,0x00,
 111          0x00,0x00,0x00,0x7F,0x00,0x00,0x7E,0x22,0x22,0x22,0x22,0x22,0x7E,0x00,0x00,0x00,
 112          
 113          /*号   CBAC5 */
 114          0x40,0x40,0x40,0x5F,0xD1,0x51,0x51,0x51,0x51,0x51,0x51,0x5F,0x40,0x40,0x40,0x00,
 115          0x00,0x00,0x00,0x02,0x07,0x02,0x02,0x22,0x42,0x82,0x42,0x3E,0x00,0x00,0x00,0x00,
C51 COMPILER V7.50   CHINESE                                                               07/25/2007 10:42:53 PAGE 3   

 116          
 117          /*驱   CC7FD */
 118          0x02,0xFA,0x82,0x82,0xFE,0x80,0x00,0xFE,0x12,0x22,0x42,0x82,0x62,0x1A,0x02,0x00,
 119          0x08,0x08,0x24,0x44,0x20,0x1F,0x00,0x7F,0x50,0x48,0x46,0x41,0x43,0x5C,0x40,0x00,
 120          
 121          /*动   CB6AF */
 122          0x20,0x24,0x24,0xE4,0x24,0x24,0x24,0x20,0x10,0x10,0xFF,0x10,0x10,0xF0,0x00,0x00,
 123          0x08,0x1C,0x0B,0x08,0x0C,0x05,0x4E,0x24,0x10,0x0C,0x03,0x20,0x40,0x3F,0x00,0x00,
 124          
 125          /*继   CBCCC */
 126          0x20,0x38,0xA7,0x62,0x30,0x00,0xFE,0x48,0x50,0xC0,0xFF,0xC0,0x50,0x4C,0x40,0x00,
 127          0x22,0x23,0x22,0x12,0x12,0x00,0x7F,0x48,0x46,0x41,0x5F,0x40,0x41,0x46,0x40,0x00,
 128          
 129          /*电   CB5E7 */
 130          0x00,0x00,0xF8,0x48,0x48,0x48,0x48,0xFF,0x48,0x48,0x48,0x48,0xF8,0x00,0x00,0x00,
 131          0x00,0x00,0x0F,0x04,0x04,0x04,0x04,0x3F,0x44,0x44,0x44,0x44,0x4F,0x40,0x70,0x00,
 132          
 133          /*模   CC4A3 */
 134          0x10,0xD0,0xFF,0x50,0x90,0x04,0xF4,0x54,0x5F,0x54,0x54,0x5F,0xF4,0x04,0x00,0x00,
 135          0x03,0x00,0xFF,0x00,0x00,0x84,0x85,0x45,0x35,0x0F,0x15,0x25,0x65,0xC4,0x44,0x00,
 136          
 137          /*拟   CC4E2 */
 138          0x10,0x10,0x90,0xFF,0x50,0x10,0xFC,0x00,0x02,0x04,0x0C,0x00,0x00,0xFE,0x00,0x00,
 139          0x01,0x21,0x40,0x3F,0x00,0x00,0x5F,0x48,0x24,0x22,0x10,0x10,0x0C,0x13,0x60,0x00,
 140          
 141          /*发   CB7A2 */
 142          0x00,0x10,0x3E,0x10,0x10,0xF0,0x9F,0x90,0x90,0x92,0x94,0x1C,0x10,0x10,0x10,0x00,
 143          0x40,0x20,0x10,0x88,0x87,0x41,0x46,0x28,0x10,0x28,0x27,0x40,0xC0,0x40,0x00,0x00,
 144          
 145          /*现   CCFD6 */
 146          0x02,0x42,0x42,0xFE,0x42,0x42,0xFE,0x02,0x02,0xFA,0x02,0x02,0xFE,0x00,0x00,0x00,
 147          0x08,0x08,0x08,0x07,0x84,0x44,0x23,0x18,0x06,0x01,0x3E,0x40,0x43,0x40,0x78,0x00,
 148          
 149          /*处   CB4A6 */
 150          0x00,0xC0,0x78,0x97,0x12,0x10,0xF0,0x00,0x00,0x00,0xFF,0x20,0x40,0x80,0x80,0x00,
 151          0x41,0x20,0x10,0x0B,0x04,0x0B,0x10,0x10,0x20,0x20,0x5F,0x40,0x40,0x41,0x40,0x00,
 152          
 153          /*错   CB4ED */
 154          0x40,0x30,0x2C,0xE7,0x24,0x24,0x40,0x48,0x7F,0x48,0x48,0x7F,0x48,0x48,0x40,0x00,
 155          0x01,0x01,0x01,0xFF,0x41,0x21,0x00,0xFF,0x49,0x49,0x49,0x49,0x49,0xFF,0x00,0x00,
 156          
 157          /*压   CD1B9 */
 158          0x00,0x00,0xFE,0x02,0x42,0x42,0x42,0x42,0xFA,0x42,0x42,0x42,0x62,0x42,0x02,0x00,
 159          0x20,0x18,0x27,0x20,0x20,0x20,0x20,0x20,0x3F,0x20,0x21,0x2E,0x24,0x20,0x20,0x00,
 160          
 161          /*误   CCEF3 */
 162          0x40,0x41,0xCE,0x04,0x00,0x40,0x5F,0x51,0x51,0xD1,0x51,0x51,0x5F,0x40,0x00,0x00,
 163          0x00,0x00,0x3F,0x10,0x88,0x42,0x22,0x12,0x0A,0x07,0x0A,0x12,0x22,0xE2,0x42,0x00,
 164          
 165          /*差   CB2EE */
 166          0x80,0x88,0xA8,0xA8,0xA9,0xAE,0xEA,0xB8,0xA8,0xAC,0xAB,0xAA,0xA8,0x88,0x80,0x00,
 167          0x40,0x20,0x10,0x48,0x46,0x45,0x44,0x44,0x7C,0x44,0x44,0x44,0x44,0x40,0x40,0x00,
 168          
 169          /*值   CD6B5 */
 170          0x80,0x40,0xF0,0x2F,0x02,0x04,0xE4,0xA4,0xB4,0xAF,0xA6,0xA4,0xE4,0x04,0x00,0x00,
 171          0x00,0x00,0xFF,0x00,0x40,0x40,0x7F,0x4A,0x4A,0x4A,0x4A,0x4A,0x7F,0x40,0x40,0x00,
 172          
 173          /*偏   CC6AB */
 174          0x40,0x20,0xF8,0x17,0x02,0xFC,0xA4,0xA4,0xA5,0xA6,0xA4,0xA4,0xA4,0xBC,0x00,0x00,
 175          0x00,0x00,0xFF,0x20,0x1C,0x03,0xFF,0x04,0x7F,0x04,0x04,0x3F,0x84,0xFF,0x00,0x00,
 176          
 177          /*大   CB4F3 */
C51 COMPILER V7.50   CHINESE                                                               07/25/2007 10:42:53 PAGE 4   

 178          0x20,0x20,0x20,0x20,0x20,0x20,0xA0,0x7F,0xA0,0x20,0x20,0x20,0x20,0x20,0x20,0x00,
 179          0x00,0x80,0x40,0x20,0x10,0x0C,0x03,0x00,0x01,0x06,0x08,0x30,0x60,0xC0,0x40,0x00,
 180          
 181          /*设   CC9E8 */
 182          0x40,0x41,0xCE,0x04,0x00,0x80,0x40,0xBE,0x82,0x82,0x82,0xBE,0xC0,0x40,0x40,0x00,
 183          0x00,0x00,0x7F,0x20,0x90,0x80,0x40,0x43,0x2C,0x10,0x10,0x2C,0x43,0xC0,0x40,0x00,
 184          
 185          /*置   CD6C3 */
 186          0x00,0x20,0x2F,0xA9,0xA9,0xAF,0xE9,0xB9,0xA9,0xAF,0xA9,0xA9,0x2F,0x20,0x00,0x00,
 187          0x80,0x80,0x80,0xFF,0xAA,0xAA,0xAA,0xAA,0xAA,0xAA,0xAA,0xFF,0x80,0x80,0x80,0x00,
 188          
 189          /*量   CC1BF */
 190          0x40,0x40,0x40,0xDF,0x55,0x55,0x55,0xD5,0x55,0x55,0x55,0xDF,0x40,0x40,0x40,0x00,
 191          0x40,0x40,0x40,0x57,0x55,0x55,0x55,0x7F,0x55,0x55,0x55,0x57,0x50,0x40,0x40,0x00,
 192          
 193          /*检   CBCEC */
 194          0x08,0x88,0x68,0xFF,0x28,0x48,0x10,0x48,0x44,0x43,0x44,0x48,0x50,0x10,0x10,0x00,
 195          0x02,0x01,0x00,0x7F,0x00,0x20,0x22,0x2C,0x21,0x2E,0x30,0x28,0x27,0x22,0x20,0x00,
 196          
 197          /*上   CC9CF */
 198          0x00,0x00,0x00,0x00,0x00,0x00,0x00,0xFE,0x40,0x40,0x40,0x40,0x40,0x00,0x00,0x00,
 199          0x00,0x40,0x40,0x40,0x40,0x40,0x40,0x7F,0x40,0x40,0x40,0x40,0x40,0x60,0x40,0x00,
 200          
 201          /*拉   CC0AD */
 202          0x10,0x10,0x10,0xFF,0x90,0x50,0x00,0x48,0x89,0x0A,0x0E,0x08,0xE8,0x48,0x08,0x00,
 203          0x02,0x42,0x81,0x7F,0x00,0x20,0x20,0x20,0x21,0x3E,0x20,0x3C,0x23,0x20,0x20,0x00,
 204          
 205          /*阻   CD7E8 */
 206          0x00,0xFF,0x11,0x29,0xC7,0x01,0xFE,0x22,0x22,0x22,0x22,0x22,0xFE,0x00,0x00,0x00,
 207          0x00,0xFF,0x02,0x04,0x43,0x40,0x7F,0x42,0x42,0x42,0x42,0x42,0x7F,0x40,0x40,0x00,
 208          
 209          /*以   CD2D4 */
 210          0x00,0x00,0xFE,0x00,0x00,0x02,0x1C,0x88,0x00,0x00,0x00,0xFF,0x00,0x00,0x00,0x00,
 211          0x00,0x08,0x1F,0x0C,0x06,0x42,0x41,0x20,0x10,0x18,0x0E,0x07,0x08,0x30,0x60,0x20,
 212          
 213          /*下   CCFC2 */
 214          0x00,0x02,0x02,0x02,0x02,0x02,0x02,0xFE,0x22,0x62,0xC2,0x82,0x02,0x03,0x02,0x00,
 215          0x00,0x00,0x00,0x00,0x00,0x00,0x00,0x7F,0x00,0x00,0x01,0x00,0x00,0x00,0x00,0x00,
 216          
 217          /*有   CD3D0 */
 218          0x00,0x04,0x84,0x44,0xE4,0x34,0x2C,0x27,0x24,0x24,0x24,0xE4,0x04,0x04,0x04,0x00,
 219          0x02,0x01,0x00,0x00,0xFF,0x09,0x09,0x09,0x29,0x49,0xC9,0x7F,0x00,0x00,0x00,0x00,
 220          
 221          /*没   CC3BB */
 222          0x08,0x30,0x01,0xE6,0x00,0xA0,0x90,0x8E,0x82,0x82,0x82,0x9E,0xA0,0x20,0x30,0x00,
 223          0x04,0x04,0xFF,0x00,0x00,0x40,0x41,0x22,0x14,0x08,0x14,0x23,0x60,0xC0,0x40,0x00,
 224          
 225          /*超   CB3AC */
 226          0x40,0x48,0x48,0x48,0xFF,0x48,0x48,0x82,0xC2,0xBE,0x82,0xA2,0xC2,0xBE,0x00,0x00,
 227          0x60,0x1F,0x20,0x40,0x7F,0x42,0x42,0x40,0x5F,0x48,0x48,0x48,0x48,0x5F,0x40,0x00,
 228          
 229          /*时   CCAB1 */
 230          0x00,0xFC,0x44,0x44,0x44,0xFC,0x10,0x90,0x10,0x10,0x10,0xFF,0x10,0x10,0x10,0x00,
 231          0x00,0x07,0x04,0x04,0x04,0x07,0x00,0x00,0x03,0x40,0x80,0x7F,0x00,0x00,0x00,0x00,
 232          
 233          /*次   CB4CE */
 234          0x00,0x02,0x1C,0xC0,0x30,0x4C,0x30,0x0F,0x08,0xF8,0x08,0x08,0x28,0x18,0x08,0x00,
 235          0x02,0x5E,0x43,0x20,0x20,0x10,0x08,0x04,0x03,0x01,0x06,0x08,0x30,0x60,0x20,0x00,
 236          
 237          /*数   CCAFD */
 238          0x10,0x92,0x54,0x38,0xFF,0x38,0x54,0x52,0x80,0xF0,0x1F,0x12,0x10,0xF0,0x10,0x00,
 239          0x42,0x42,0x2A,0x2E,0x13,0x1A,0x26,0x02,0x40,0x20,0x13,0x0C,0x33,0x60,0x20,0x00,
C51 COMPILER V7.50   CHINESE                                                               07/25/2007 10:42:53 PAGE 5   

 240          
 241          /*太   CCCAB */
 242          0x00,0x10,0x10,0x10,0x10,0x10,0x10,0xFF,0x10,0x10,0x10,0x10,0x10,0x10,0x10,0x00,
 243          0x00,0x80,0x40,0x20,0x10,0x0C,0x03,0x08,0x71,0x22,0x04,0x18,0x30,0xE0,0x40,0x00,
 244          
 245          /*多   CB6E0 */
 246          0x00,0x00,0x00,0x20,0x90,0x88,0x54,0x53,0xA2,0x22,0x12,0x0A,0x06,0x00,0x00,0x00,
 247          0x00,0x81,0x89,0x89,0x44,0x44,0x42,0x25,0x29,0x11,0x11,0x09,0x05,0x03,0x01,0x00,
 248          
 249          /*了   CC1CB */
 250          0x00,0x02,0x02,0x02,0x02,0x02,0x02,0xF2,0x12,0x0A,0x0A,0x06,0x06,0x02,0x00,0x00,
 251          0x00,0x00,0x00,0x00,0x00,0x40,0x80,0x7F,0x00,0x00,0x00,0x00,0x00,0x00,0x00,0x00
 252          
 253          };


MODULE INFORMATION:   STATIC OVERLAYABLE
   CODE SIZE        =   ----    ----
   CONSTANT SIZE    =   2006    ----
   XDATA SIZE       =   ----    ----
   PDATA SIZE       =   ----    ----
   DATA SIZE        =   ----    ----
   IDATA SIZE       =   ----    ----
   BIT SIZE         =   ----    ----
END OF MODULE INFORMATION.


C51 COMPILATION COMPLETE.  0 WARNING(S),  0 ERROR(S)
