C51 COMPILER V8.16   MAIN                                                                  12/15/2008 14:30:09 PAGE 1   


C51 COMPILER V8.16, COMPILATION OF MODULE MAIN
OBJECT MODULE PLACED IN .\Obj\Main.obj
COMPILER INVOKED BY: d:\Keil\C51\BIN\C51.EXE Src\Main.C BROWSE DEBUG OBJECTEXTEND PRINT(.\Lst\Main.lst) OBJECT(.\Obj\Mai
                    -n.obj)

line level    source

   1          /******************************************************************************
   2           * Main.C - mainº¯ÊýÎÄ¼þ
   3           *
   4           *
   5           * DESCRIPTION: -
   6           *
   7           * modification history
   8           * --------------------
   9           * 01a, 04/sep/2007, ÁºÑ×²ý written
  10           * --------------------
  11           ******************************************************************************/
  12          #include "CPU.H"
  13          #include "Ks0108.H"
  14          //24MHZ  245--->1Ms
  15          void Delayms(U16 Ms)
  16          {
  17   1          U8 k;
  18   1          while(Ms--){
  19   2              for(k = 245; k > 0 ; k--);
  20   2          }
  21   1      }
  22          
  23          
  24          
  25          void MenuMainLoop(void);
  26          
  27          void main(void)
  28          
  29          {
  30   1      
  31   1      
  32   1          LED0 = 0x00;
  33   1          LED1 = 0x00;
  34   1      
  35   1          GUI_Init();
  36   1          GUI_Clear();
  37   1          while(1){
  38   2              MenuMainLoop();
  39   2          }
  40   1      
  41   1          while(1);
  42   1      }
  43          
  44          
  45          
  46          
  47          
  48          
  49          


MODULE INFORMATION:   STATIC OVERLAYABLE
   CODE SIZE        =     37    ----
   CONSTANT SIZE    =   ----    ----
C51 COMPILER V8.16   MAIN                                                                  12/15/2008 14:30:09 PAGE 2   

   XDATA SIZE       =   ----    ----
   PDATA SIZE       =   ----    ----
   DATA SIZE        =   ----    ----
   IDATA SIZE       =   ----    ----
   BIT SIZE         =   ----    ----
END OF MODULE INFORMATION.


C51 COMPILATION COMPLETE.  0 WARNING(S),  0 ERROR(S)
